<?xml version="1.0" encoding="UTF-8"?>
<!-- Generated by org.testng.reporters.JUnitReportReporter -->
<testsuite skipped="0" hostname="PushparajLaptop" name="restAssured_API_Automation_Pawan.restAssured_API_Automation_Pawan.Test10_DeleteRequest" tests="1" failures="0" timestamp="06 Nov 2019 23:24:36 GMT" time="4.291" errors="0">
  <testcase name="deleteEmployeeRecord" time="4.291" classname="restAssured_API_Automation_Pawan.restAssured_API_Automation_Pawan.Test10_DeleteRequest"/>
</testsuite> <!-- restAssured_API_Automation_Pawan.restAssured_API_Automation_Pawan.Test10_DeleteRequest -->
