<?xml version="1.0" encoding="UTF-8"?>
<!-- Generated by org.testng.reporters.JUnitReportReporter -->
<testsuite skipped="0" hostname="PushparajLaptop" name="restAssured_API_Automation_Pawan.restAssured_API_Automation_Pawan.Test05_GetRequest" tests="1" failures="0" timestamp="04 Nov 2019 19:03:55 GMT" time="3.385" errors="0">
  <testcase name="responseBodyValidation" time="3.385" classname="restAssured_API_Automation_Pawan.restAssured_API_Automation_Pawan.Test05_GetRequest"/>
</testsuite> <!-- restAssured_API_Automation_Pawan.restAssured_API_Automation_Pawan.Test05_GetRequest -->
