<?xml version="1.0" encoding="UTF-8"?>
<!-- Generated by org.testng.reporters.JUnitReportReporter -->
<testsuite skipped="0" hostname="PushparajLaptop" name="restAssured_API_Automation_Pawan.restAssured_API_Automation_Pawan.Test03_GetRequest" tests="1" failures="0" timestamp="06 Nov 2019 23:53:05 GMT" time="3.828" errors="0">
  <testcase name="googleMapTest" time="3.828" classname="restAssured_API_Automation_Pawan.restAssured_API_Automation_Pawan.Test03_GetRequest"/>
</testsuite> <!-- restAssured_API_Automation_Pawan.restAssured_API_Automation_Pawan.Test03_GetRequest -->
