<?xml version="1.0" encoding="UTF-8"?>
<!-- Generated by org.testng.reporters.JUnitReportReporter -->
<testsuite skipped="0" hostname="PushparajLaptop" name="restAssured_API_Automation_Pawan.restAssured_API_Automation_Pawan.Test01_GetRequest" tests="1" failures="0" timestamp="06 Nov 2019 23:49:19 GMT" time="2.555" errors="0">
  <testcase name="getWeatherInfo" time="2.555" classname="restAssured_API_Automation_Pawan.restAssured_API_Automation_Pawan.Test01_GetRequest"/>
</testsuite> <!-- restAssured_API_Automation_Pawan.restAssured_API_Automation_Pawan.Test01_GetRequest -->
