<?xml version="1.0" encoding="UTF-8"?>
<!-- Generated by org.testng.reporters.JUnitReportReporter -->
<testsuite skipped="0" hostname="PushparajLaptop" name="restAssured_API_Automation_Pawan.restAssured_API_Automation_Pawan.Test09_PostRequestRestUtils" tests="1" failures="0" timestamp="06 Nov 2019 20:12:43 GMT" time="3.586" errors="0">
  <testcase name="testRestUtils" time="3.586" classname="restAssured_API_Automation_Pawan.restAssured_API_Automation_Pawan.Test09_PostRequestRestUtils"/>
</testsuite> <!-- restAssured_API_Automation_Pawan.restAssured_API_Automation_Pawan.Test09_PostRequestRestUtils -->
