<?xml version="1.0" encoding="UTF-8"?>
<!-- Generated by org.testng.reporters.JUnitReportReporter -->
<testsuite skipped="0" hostname="PushparajLaptop" name="restAssured_API_Automation_Pawan.restAssured_API_Automation_Pawan.Test06_GetRequest" tests="1" failures="0" timestamp="04 Nov 2019 19:13:56 GMT" time="4.240" errors="0">
  <testcase name="responseBodyAll" time="4.240" classname="restAssured_API_Automation_Pawan.restAssured_API_Automation_Pawan.Test06_GetRequest"/>
</testsuite> <!-- restAssured_API_Automation_Pawan.restAssured_API_Automation_Pawan.Test06_GetRequest -->
