<?xml version="1.0" encoding="UTF-8"?>
<!-- Generated by org.testng.reporters.JUnitReportReporter -->
<testsuite skipped="0" hostname="PushparajLaptop" name="restAssured_API_Automation_Pawan.restAssured_API_Automation_Pawan.Test07_APIAuthentication" tests="1" failures="0" timestamp="04 Nov 2019 19:41:43 GMT" time="5.783" errors="0">
  <testcase name="APIAuthentication" time="5.783" classname="restAssured_API_Automation_Pawan.restAssured_API_Automation_Pawan.Test07_APIAuthentication"/>
</testsuite> <!-- restAssured_API_Automation_Pawan.restAssured_API_Automation_Pawan.Test07_APIAuthentication -->
