<?xml version="1.0" encoding="UTF-8"?>
<!-- Generated by org.testng.reporters.JUnitReportReporter -->
<testsuite skipped="0" hostname="PushparajLaptop" name="restAssured_API_Automation_Pawan.restAssured_API_Automation_Pawan.Test08_DataDrivenTest" tests="6" failures="0" timestamp="05 Nov 2019 18:47:59 GMT" time="7.879" errors="0">
  <testcase name="dataDrivenTest1" time="0.408" classname="restAssured_API_Automation_Pawan.restAssured_API_Automation_Pawan.Test08_DataDrivenTest"/>
  <testcase name="dataDrivenTest1" time="0.386" classname="restAssured_API_Automation_Pawan.restAssured_API_Automation_Pawan.Test08_DataDrivenTest"/>
  <testcase name="dataDrivenTest1" time="0.398" classname="restAssured_API_Automation_Pawan.restAssured_API_Automation_Pawan.Test08_DataDrivenTest"/>
  <testcase name="dataDrivenTest1" time="0.422" classname="restAssured_API_Automation_Pawan.restAssured_API_Automation_Pawan.Test08_DataDrivenTest"/>
  <testcase name="dataDrivenTest1" time="5.872" classname="restAssured_API_Automation_Pawan.restAssured_API_Automation_Pawan.Test08_DataDrivenTest"/>
  <testcase name="dataDrivenTest1" time="0.393" classname="restAssured_API_Automation_Pawan.restAssured_API_Automation_Pawan.Test08_DataDrivenTest"/>
</testsuite> <!-- restAssured_API_Automation_Pawan.restAssured_API_Automation_Pawan.Test08_DataDrivenTest -->
