<?xml version="1.0" encoding="UTF-8"?>
<!-- Generated by org.testng.reporters.JUnitReportReporter -->
<testsuite skipped="0" hostname="PushparajLaptop" name="restAssured_API_Automation_Pawan.restAssured_API_Automation_Pawan.Test02_PostRequest" tests="1" failures="0" timestamp="01 Nov 2019 22:46:24 GMT" time="5.511" errors="0">
  <testcase name="registration" time="5.511" classname="restAssured_API_Automation_Pawan.restAssured_API_Automation_Pawan.Test02_PostRequest"/>
</testsuite> <!-- restAssured_API_Automation_Pawan.restAssured_API_Automation_Pawan.Test02_PostRequest -->
